Start testing: Mar 25 23:38 CST
----------------------------------------------------------
1/6 Testing: database_project_column_sum_test
1/6 Test: database_project_column_sum_test
Command: "/home/oslab/Desktop/bytedance-database-project/build/test/lab2/column_sum_test"
Directory: /home/oslab/Desktop/bytedance-database-project/build/test/lab2
"database_project_column_sum_test" start time: Mar 25 23:38 CST
Output:
----------------------------------------------------------
Running main() from /tmp/tmp_download/googletest/googletest/src/gtest_main.cc
[==========] Running 3 tests from 1 test suite.
[----------] Global test environment set-up.
[----------] 3 tests from ColumnSumTest
[ RUN      ] ColumnSumTest.TestRowTable
[       OK ] ColumnSumTest.TestRowTable (0 ms)
[ RUN      ] ColumnSumTest.TestColumnTable
[       OK ] ColumnSumTest.TestColumnTable (0 ms)
[ RUN      ] ColumnSumTest.TestIndexedTable
[       OK ] ColumnSumTest.TestIndexedTable (0 ms)
[----------] 3 tests from ColumnSumTest (0 ms total)

[----------] Global test environment tear-down
[==========] 3 tests from 1 test suite ran. (0 ms total)
[  PASSED  ] 3 tests.
<end of output>
Test time =   0.00 sec
----------------------------------------------------------
Test Passed.
"database_project_column_sum_test" end time: Mar 25 23:38 CST
"database_project_column_sum_test" time elapsed: 00:00:00
----------------------------------------------------------

2/6 Testing: database_project_custom_table_test
2/6 Test: database_project_custom_table_test
Command: "/home/oslab/Desktop/bytedance-database-project/build/test/lab2/custom_table_test"
Directory: /home/oslab/Desktop/bytedance-database-project/build/test/lab2
"database_project_custom_table_test" start time: Mar 25 23:38 CST
Output:
----------------------------------------------------------
Running main() from /tmp/tmp_download/googletest/googletest/src/gtest_main.cc
[==========] Running 1 test from 1 test suite.
[----------] Global test environment set-up.
[----------] 1 test from CustomTest
[ RUN      ] CustomTest.TestRowTable
/home/oslab/Desktop/bytedance-database-project/test/lab2/custom_table_test.cc:18: Failure
Expected equality of these values:
  68
  ct.ColumnSum()
    Which is: 0
[  FAILED  ] CustomTest.TestRowTable (0 ms)
[----------] 1 test from CustomTest (0 ms total)

[----------] Global test environment tear-down
[==========] 1 test from 1 test suite ran. (0 ms total)
[  PASSED  ] 0 tests.
[  FAILED  ] 1 test, listed below:
[  FAILED  ] CustomTest.TestRowTable

 1 FAILED TEST
<end of output>
Test time =   0.00 sec
----------------------------------------------------------
Test Failed.
"database_project_custom_table_test" end time: Mar 25 23:38 CST
"database_project_custom_table_test" time elapsed: 00:00:00
----------------------------------------------------------

3/6 Testing: database_project_predicated_all_columns_sum_test
3/6 Test: database_project_predicated_all_columns_sum_test
Command: "/home/oslab/Desktop/bytedance-database-project/build/test/lab2/predicated_all_columns_sum_test"
Directory: /home/oslab/Desktop/bytedance-database-project/build/test/lab2
"database_project_predicated_all_columns_sum_test" start time: Mar 25 23:38 CST
Output:
----------------------------------------------------------
Running main() from /tmp/tmp_download/googletest/googletest/src/gtest_main.cc
[==========] Running 3 tests from 1 test suite.
[----------] Global test environment set-up.
[----------] 3 tests from PredicatedAllColumnsSumTest
[ RUN      ] PredicatedAllColumnsSumTest.TestRowTable
[       OK ] PredicatedAllColumnsSumTest.TestRowTable (0 ms)
[ RUN      ] PredicatedAllColumnsSumTest.TestColumnTable
/home/oslab/Desktop/bytedance-database-project/test/lab2/predicated_all_columns_sum_test.cc:24: Failure
Expected equality of these values:
  166
  rt.PredicatedAllColumnsSum(3)
    Which is: 0
[  FAILED  ] PredicatedAllColumnsSumTest.TestColumnTable (0 ms)
[ RUN      ] PredicatedAllColumnsSumTest.TestIndexedTable
/home/oslab/Desktop/bytedance-database-project/test/lab2/predicated_all_columns_sum_test.cc:30: Failure
Expected equality of these values:
  166
  rt.PredicatedAllColumnsSum(3)
    Which is: 0
[  FAILED  ] PredicatedAllColumnsSumTest.TestIndexedTable (4 ms)
[----------] 3 tests from PredicatedAllColumnsSumTest (5 ms total)

[----------] Global test environment tear-down
[==========] 3 tests from 1 test suite ran. (5 ms total)
[  PASSED  ] 1 test.
[  FAILED  ] 2 tests, listed below:
[  FAILED  ] PredicatedAllColumnsSumTest.TestColumnTable
[  FAILED  ] PredicatedAllColumnsSumTest.TestIndexedTable

 2 FAILED TESTS
<end of output>
Test time =   0.01 sec
----------------------------------------------------------
Test Failed.
"database_project_predicated_all_columns_sum_test" end time: Mar 25 23:38 CST
"database_project_predicated_all_columns_sum_test" time elapsed: 00:00:00
----------------------------------------------------------

4/6 Testing: database_project_predicated_column_sum_test
4/6 Test: database_project_predicated_column_sum_test
Command: "/home/oslab/Desktop/bytedance-database-project/build/test/lab2/predicated_column_sum_test"
Directory: /home/oslab/Desktop/bytedance-database-project/build/test/lab2
"database_project_predicated_column_sum_test" start time: Mar 25 23:38 CST
Output:
----------------------------------------------------------
Running main() from /tmp/tmp_download/googletest/googletest/src/gtest_main.cc
[==========] Running 3 tests from 1 test suite.
[----------] Global test environment set-up.
[----------] 3 tests from PredicatedColumnSumTest
[ RUN      ] PredicatedColumnSumTest.RowTableTest
[       OK ] PredicatedColumnSumTest.RowTableTest (0 ms)
[ RUN      ] PredicatedColumnSumTest.ColumnTableTest
/home/oslab/Desktop/bytedance-database-project/test/lab2/predicated_column_sum_test.cc:22: Failure
Expected equality of these values:
  49
  ct.PredicatedColumnSum(3, 5)
    Which is: 0
[  FAILED  ] PredicatedColumnSumTest.ColumnTableTest (0 ms)
[ RUN      ] PredicatedColumnSumTest.IndexedRowTableTest
/home/oslab/Desktop/bytedance-database-project/test/lab2/predicated_column_sum_test.cc:28: Failure
Expected equality of these values:
  49
  it.PredicatedColumnSum(3, 5)
    Which is: 0
[  FAILED  ] PredicatedColumnSumTest.IndexedRowTableTest (5 ms)
[----------] 3 tests from PredicatedColumnSumTest (6 ms total)

[----------] Global test environment tear-down
[==========] 3 tests from 1 test suite ran. (6 ms total)
[  PASSED  ] 1 test.
[  FAILED  ] 2 tests, listed below:
[  FAILED  ] PredicatedColumnSumTest.ColumnTableTest
[  FAILED  ] PredicatedColumnSumTest.IndexedRowTableTest

 2 FAILED TESTS
<end of output>
Test time =   0.02 sec
----------------------------------------------------------
Test Failed.
"database_project_predicated_column_sum_test" end time: Mar 25 23:38 CST
"database_project_predicated_column_sum_test" time elapsed: 00:00:00
----------------------------------------------------------

5/6 Testing: database_project_predicated_update_test
5/6 Test: database_project_predicated_update_test
Command: "/home/oslab/Desktop/bytedance-database-project/build/test/lab2/predicated_update_test"
Directory: /home/oslab/Desktop/bytedance-database-project/build/test/lab2
"database_project_predicated_update_test" start time: Mar 25 23:38 CST
Output:
----------------------------------------------------------
Running main() from /tmp/tmp_download/googletest/googletest/src/gtest_main.cc
[==========] Running 3 tests from 1 test suite.
[----------] Global test environment set-up.
[----------] 3 tests from PredicatedUpdateTest
[ RUN      ] PredicatedUpdateTest.RowTableTest
/home/oslab/Desktop/bytedance-database-project/test/lab2/predicated_update_test.cc:16: Failure
Expected equality of these values:
  9
  rt.PredicatedUpdate(3)
    Which is: 0
[  FAILED  ] PredicatedUpdateTest.RowTableTest (1 ms)
[ RUN      ] PredicatedUpdateTest.ColumnTableTest
/home/oslab/Desktop/bytedance-database-project/test/lab2/predicated_update_test.cc:22: Failure
Expected equality of these values:
  9
  ct.PredicatedUpdate(3)
    Which is: 0
[  FAILED  ] PredicatedUpdateTest.ColumnTableTest (0 ms)
[ RUN      ] PredicatedUpdateTest.IndexedRowTableTest
/home/oslab/Desktop/bytedance-database-project/test/lab2/predicated_update_test.cc:28: Failure
Expected equality of these values:
  9
  it.PredicatedUpdate(3)
    Which is: 0
[  FAILED  ] PredicatedUpdateTest.IndexedRowTableTest (2 ms)
[----------] 3 tests from PredicatedUpdateTest (3 ms total)

[----------] Global test environment tear-down
[==========] 3 tests from 1 test suite ran. (3 ms total)
[  PASSED  ] 0 tests.
[  FAILED  ] 3 tests, listed below:
[  FAILED  ] PredicatedUpdateTest.RowTableTest
[  FAILED  ] PredicatedUpdateTest.ColumnTableTest
[  FAILED  ] PredicatedUpdateTest.IndexedRowTableTest

 3 FAILED TESTS
<end of output>
Test time =   0.01 sec
----------------------------------------------------------
Test Failed.
"database_project_predicated_update_test" end time: Mar 25 23:38 CST
"database_project_predicated_update_test" time elapsed: 00:00:00
----------------------------------------------------------

6/6 Testing: database_project_put_get_test
6/6 Test: database_project_put_get_test
Command: "/home/oslab/Desktop/bytedance-database-project/build/test/lab2/put_get_test"
Directory: /home/oslab/Desktop/bytedance-database-project/build/test/lab2
"database_project_put_get_test" start time: Mar 25 23:38 CST
Output:
----------------------------------------------------------
Running main() from /tmp/tmp_download/googletest/googletest/src/gtest_main.cc
[==========] Running 3 tests from 1 test suite.
[----------] Global test environment set-up.
[----------] 3 tests from PutGetTest
[ RUN      ] PutGetTest.RowTableTest
[       OK ] PutGetTest.RowTableTest (1 ms)
[ RUN      ] PutGetTest.ColumnTableTest
/home/oslab/Desktop/bytedance-database-project/test/lab2/put_get_test.cc:28: Failure
Expected equality of these values:
  8
  ct.GetIntField(row_id, col_id)
    Which is: 0
[  FAILED  ] PutGetTest.ColumnTableTest (4 ms)
[ RUN      ] PutGetTest.IndexedRowTableTest
/home/oslab/Desktop/bytedance-database-project/test/lab2/put_get_test.cc:38: Failure
Expected equality of these values:
  8
  it.GetIntField(row_id, col_id)
    Which is: 0
[  FAILED  ] PutGetTest.IndexedRowTableTest (0 ms)
[----------] 3 tests from PutGetTest (6 ms total)

[----------] Global test environment tear-down
[==========] 3 tests from 1 test suite ran. (6 ms total)
[  PASSED  ] 1 test.
[  FAILED  ] 2 tests, listed below:
[  FAILED  ] PutGetTest.ColumnTableTest
[  FAILED  ] PutGetTest.IndexedRowTableTest

 2 FAILED TESTS
<end of output>
Test time =   0.02 sec
----------------------------------------------------------
Test Failed.
"database_project_put_get_test" end time: Mar 25 23:38 CST
"database_project_put_get_test" time elapsed: 00:00:00
----------------------------------------------------------

End testing: Mar 25 23:38 CST
